<?xml version="1.0" encoding="UTF-8"?>
<!-- Generated by org.testng.reporters.JUnitXMLReporter -->
<testsuite ignored="0" hostname="DESKTOP-RK93FRN" failures="0" tests="4" name="Test" time="18.842" errors="0" timestamp="2023-03-06T22:55:38 IST">
  <testcase classname="Testclass.TC04_VerifyAllProductAddToCartFunctionality" name="verifyallproductaddtocart" time="0.714"/>
  <testcase classname="Testclass.TC03VerifyAddToCartproduct" name="AddToCart" time="0.275"/>
  <testcase classname="Testclass.TC01_VerifyLoginFunctionally" name="verifyLoginFunctionality" time="0.008"/>
  <testcase classname="Testclass.TC02_VerifyLogoutFunctionality" name="verifyLogOut" time="0.362"/>
</testsuite> <!-- Test -->
