<?xml version="1.0" encoding="UTF-8"?>
<testng-results ignored="0" total="4" passed="4" failed="0" skipped="0">
  <reporter-output>
  </reporter-output>
  <suite started-at="2023-03-06T22:55:20 IST" name="Suite" finished-at="2023-03-06T22:55:38 IST" duration-ms="18842">
    <groups>
    </groups>
    <test started-at="2023-03-06T22:55:20 IST" name="Test" finished-at="2023-03-06T22:55:38 IST" duration-ms="18842">
      <class name="Testclass.TC03VerifyAddToCartproduct">
        <test-method is-config="true" signature="setup(java.lang.String)[pri:0, instance:Testclass.TC03VerifyAddToCartproduct@6c80d78a]" started-at="2023-03-06T22:55:26 IST" name="setup" finished-at="2023-03-06T22:55:30 IST" duration-ms="3653" status="PASS">
          <params>
            <param index="0">
              <value>
                <![CDATA[chrome]]>
              </value>
            </param>
          </params>
          <reporter-output>
          </reporter-output>
        </test-method> <!-- setup -->
        <test-method signature="AddToCart()[pri:0, instance:Testclass.TC03VerifyAddToCartproduct@6c80d78a]" started-at="2023-03-06T22:55:30 IST" name="AddToCart" finished-at="2023-03-06T22:55:30 IST" duration-ms="275" status="PASS">
          <reporter-output>
          </reporter-output>
        </test-method> <!-- AddToCart -->
        <test-method is-config="true" signature="teardown()[pri:0, instance:Testclass.TC03VerifyAddToCartproduct@6c80d78a]" started-at="2023-03-06T22:55:30 IST" name="teardown" finished-at="2023-03-06T22:55:30 IST" duration-ms="209" status="PASS">
          <reporter-output>
          </reporter-output>
        </test-method> <!-- teardown -->
      </class> <!-- Testclass.TC03VerifyAddToCartproduct -->
      <class name="Testclass.TC04_VerifyAllProductAddToCartFunctionality">
        <test-method is-config="true" signature="setup(java.lang.String)[pri:0, instance:Testclass.TC04_VerifyAllProductAddToCartFunctionality@3c407114]" started-at="2023-03-06T22:55:20 IST" name="setup" finished-at="2023-03-06T22:55:25 IST" duration-ms="5342" status="PASS">
          <params>
            <param index="0">
              <value>
                <![CDATA[chrome]]>
              </value>
            </param>
          </params>
          <reporter-output>
          </reporter-output>
        </test-method> <!-- setup -->
        <test-method signature="verifyallproductaddtocart()[pri:0, instance:Testclass.TC04_VerifyAllProductAddToCartFunctionality@3c407114]" started-at="2023-03-06T22:55:25 IST" name="verifyallproductaddtocart" finished-at="2023-03-06T22:55:26 IST" duration-ms="714" status="PASS">
          <reporter-output>
          </reporter-output>
        </test-method> <!-- verifyallproductaddtocart -->
        <test-method is-config="true" signature="teardown()[pri:0, instance:Testclass.TC04_VerifyAllProductAddToCartFunctionality@3c407114]" started-at="2023-03-06T22:55:26 IST" name="teardown" finished-at="2023-03-06T22:55:26 IST" duration-ms="347" status="PASS">
          <reporter-output>
          </reporter-output>
        </test-method> <!-- teardown -->
      </class> <!-- Testclass.TC04_VerifyAllProductAddToCartFunctionality -->
      <class name="Testclass.TC01_VerifyLoginFunctionally">
        <test-method is-config="true" signature="setup(java.lang.String)[pri:0, instance:Testclass.TC01_VerifyLoginFunctionally@62150f9e]" started-at="2023-03-06T22:55:30 IST" name="setup" finished-at="2023-03-06T22:55:34 IST" duration-ms="3797" status="PASS">
          <params>
            <param index="0">
              <value>
                <![CDATA[chrome]]>
              </value>
            </param>
          </params>
          <reporter-output>
          </reporter-output>
        </test-method> <!-- setup -->
        <test-method signature="verifyLoginFunctionality()[pri:0, instance:Testclass.TC01_VerifyLoginFunctionally@62150f9e]" started-at="2023-03-06T22:55:34 IST" name="verifyLoginFunctionality" finished-at="2023-03-06T22:55:34 IST" duration-ms="8" status="PASS">
          <reporter-output>
          </reporter-output>
        </test-method> <!-- verifyLoginFunctionality -->
        <test-method is-config="true" signature="teardown()[pri:0, instance:Testclass.TC01_VerifyLoginFunctionally@62150f9e]" started-at="2023-03-06T22:55:34 IST" name="teardown" finished-at="2023-03-06T22:55:34 IST" duration-ms="289" status="PASS">
          <reporter-output>
          </reporter-output>
        </test-method> <!-- teardown -->
      </class> <!-- Testclass.TC01_VerifyLoginFunctionally -->
      <class name="Testclass.TC02_VerifyLogoutFunctionality">
        <test-method is-config="true" signature="setup(java.lang.String)[pri:0, instance:Testclass.TC02_VerifyLogoutFunctionality@1a451d4d]" started-at="2023-03-06T22:55:34 IST" name="setup" finished-at="2023-03-06T22:55:38 IST" duration-ms="3449" status="PASS">
          <params>
            <param index="0">
              <value>
                <![CDATA[chrome]]>
              </value>
            </param>
          </params>
          <reporter-output>
          </reporter-output>
        </test-method> <!-- setup -->
        <test-method signature="verifyLogOut()[pri:0, instance:Testclass.TC02_VerifyLogoutFunctionality@1a451d4d]" started-at="2023-03-06T22:55:38 IST" name="verifyLogOut" finished-at="2023-03-06T22:55:38 IST" duration-ms="362" status="PASS">
          <reporter-output>
          </reporter-output>
        </test-method> <!-- verifyLogOut -->
        <test-method is-config="true" signature="teardown()[pri:0, instance:Testclass.TC02_VerifyLogoutFunctionality@1a451d4d]" started-at="2023-03-06T22:55:38 IST" name="teardown" finished-at="2023-03-06T22:55:38 IST" duration-ms="302" status="PASS">
          <reporter-output>
          </reporter-output>
        </test-method> <!-- teardown -->
      </class> <!-- Testclass.TC02_VerifyLogoutFunctionality -->
    </test> <!-- Test -->
  </suite> <!-- Suite -->
</testng-results>
